<?xml version="1.0" encoding="UTF-8"?>
<!-- Generated by org.testng.reporters.JUnitReportReporter -->
<testsuite hostname="Users-MacBook-Air.local" failures="0" tests="1" name="com.SwaggerAPI.testCases.PostUserTest" time="2.837" errors="0" timestamp="2022-04-21T00:09:12 WIB" skipped="0">
  <testcase classname="com.SwaggerAPI.testCases.PostUserTest" name="PSTUSR001" time="2.837"/>
  <system-out/>
</testsuite> <!-- com.SwaggerAPI.testCases.PostUserTest -->
