<?xml version="1.0" encoding="UTF-8"?>
<!-- Generated by org.testng.reporters.JUnitReportReporter -->
<testsuite hostname="Users-MacBook-Air.local" failures="0" tests="1" name="BooksTest" time="5.248" errors="0" timestamp="2022-04-20T21:23:01 WIB" skipped="0">
  <testcase classname="BooksTest" name="BKS001" time="5.248"/>
  <system-out/>
</testsuite> <!-- BooksTest -->
